[debug] [2023-05-20T18:17:47.421Z] ----------------------------------------------------------------------
[debug] [2023-05-20T18:17:47.423Z] Command:       /Users/eden/.nvm/versions/node/v12.14.0/bin/node /usr/local/bin/firebase emulators:start --only functions
[debug] [2023-05-20T18:17:47.423Z] CLI Version:   7.3.2
[debug] [2023-05-20T18:17:47.423Z] Platform:      darwin
[debug] [2023-05-20T18:17:47.424Z] Node Version:  v12.14.0
[debug] [2023-05-20T18:17:47.424Z] Time:          Sat May 20 2023 14:17:47 GMT-0400 (Eastern Daylight Time)
[debug] [2023-05-20T18:17:47.424Z] ----------------------------------------------------------------------
[debug] 
[info] i  Starting emulators: ["functions"]
[warn] ⚠  Your requested "node" version "10" doesn't match your global version "12"
[info] ✔  functions: Emulator started at http://localhost:5002
[info] i  functions: Watching "/Users/eden/Desktop/schiebels/inspect/inspect/functions" for Cloud Functions...
[debug] [2023-05-20T18:17:48.000Z] [runtime-status] Functions runtime initialized. {"cwd":"/Users/eden/Desktop/schiebels/inspect/inspect/functions","node_version":"12.14.0"}
[debug] [2023-05-20T18:17:48.001Z] [runtime-status] Disabled runtime features: undefined {}
[debug] [2023-05-20T18:17:48.002Z] [runtime-status] Resolved module firebase-admin {"declared":true,"installed":true,"version":"10.3.0","resolution":"/Users/eden/Desktop/schiebels/inspect/inspect/functions/node_modules/firebase-admin/lib/index.js"}
[debug] [2023-05-20T18:17:48.004Z] [runtime-status] Resolved module firebase-functions {"declared":true,"installed":true,"version":"3.23.0","resolution":"/Users/eden/Desktop/schiebels/inspect/inspect/functions/node_modules/firebase-functions/lib/index.js"}
[debug] [2023-05-20T18:17:48.375Z] [runtime-status] Found google-gax at /Users/eden/Desktop/schiebels/inspect/inspect/functions/node_modules/google-gax/build/src/index.js {}
[warn] ⚠  functions: TypeError: Cannot set property GrpcClient of #<Object> which has only a getter
    at /usr/local/lib/node_modules/firebase-tools/lib/emulator/functionsEmulatorRuntime.js:228:21
    at Array.map (<anonymous>)
    at InitializeNetworkFiltering (/usr/local/lib/node_modules/firebase-tools/lib/emulator/functionsEmulatorRuntime.js:221:39)
    at /usr/local/lib/node_modules/firebase-tools/lib/emulator/functionsEmulatorRuntime.js:660:13
    at Generator.next (<anonymous>)
    at fulfilled (/usr/local/lib/node_modules/firebase-tools/lib/emulator/functionsEmulatorRuntime.js:4:58)
    at processTicksAndRejections (internal/process/task_queues.js:93:5)
[warn] ⚠  Your function was killed because it raised an unhandled error.
[debug] [2023-05-20T18:19:56.296Z] ----------------------------------------------------------------------
[debug] [2023-05-20T18:19:56.298Z] Command:       /Users/eden/.nvm/versions/node/v10.24.1/bin/node /usr/local/bin/firebase emulators:start --only functions
[debug] [2023-05-20T18:19:56.299Z] CLI Version:   7.3.2
[debug] [2023-05-20T18:19:56.300Z] Platform:      darwin
[debug] [2023-05-20T18:19:56.300Z] Node Version:  v10.24.1
[debug] [2023-05-20T18:19:56.306Z] Time:          Sat May 20 2023 14:19:56 GMT-0400 (Eastern Daylight Time)
[debug] [2023-05-20T18:19:56.306Z] ----------------------------------------------------------------------
[debug] 
[info] i  Starting emulators: ["functions"]
[info] ✔  functions: Using node@10 from host.
[info] ✔  functions: Emulator started at http://localhost:5002
[info] i  functions: Watching "/Users/eden/Desktop/schiebels/inspect/inspect/functions" for Cloud Functions...
[debug] [2023-05-20T18:19:56.939Z] [runtime-status] Functions runtime initialized. {"cwd":"/Users/eden/Desktop/schiebels/inspect/inspect/functions","node_version":"10.24.1"}
[debug] [2023-05-20T18:19:56.940Z] [runtime-status] Disabled runtime features: undefined {}
[debug] [2023-05-20T18:19:56.943Z] [runtime-status] Resolved module firebase-admin {"declared":true,"installed":true,"version":"10.3.0","resolution":"/Users/eden/Desktop/schiebels/inspect/inspect/functions/node_modules/firebase-admin/lib/index.js"}
[debug] [2023-05-20T18:19:56.944Z] [runtime-status] Resolved module firebase-functions {"declared":true,"installed":true,"version":"3.23.0","resolution":"/Users/eden/Desktop/schiebels/inspect/inspect/functions/node_modules/firebase-functions/lib/index.js"}
[debug] [2023-05-20T18:19:57.279Z] [runtime-status] Found google-gax at /Users/eden/Desktop/schiebels/inspect/inspect/functions/node_modules/google-gax/build/src/index.js {}
[warn] ⚠  functions: TypeError: Cannot set property GrpcClient of #<Object> which has only a getter
    at InitializeNetworkFiltering.networkingModules.map (/usr/local/lib/node_modules/firebase-tools/lib/emulator/functionsEmulatorRuntime.js:228:21)
    at Array.map (<anonymous>)
    at InitializeNetworkFiltering (/usr/local/lib/node_modules/firebase-tools/lib/emulator/functionsEmulatorRuntime.js:221:39)
    at /usr/local/lib/node_modules/firebase-tools/lib/emulator/functionsEmulatorRuntime.js:660:13
    at Generator.next (<anonymous>)
    at fulfilled (/usr/local/lib/node_modules/firebase-tools/lib/emulator/functionsEmulatorRuntime.js:4:58)
    at process._tickCallback (internal/process/next_tick.js:68:7)
    at Function.Module.runMain (internal/modules/cjs/loader.js:834:11)
    at startup (internal/bootstrap/node.js:283:19)
    at bootstrapNodeJSCore (internal/bootstrap/node.js:623:3)
[warn] ⚠  Your function was killed because it raised an unhandled error.
[debug] [2023-05-20T18:21:39.505Z] ----------------------------------------------------------------------
[debug] [2023-05-20T18:21:39.507Z] Command:       /Users/eden/.nvm/versions/node/v10.24.1/bin/node /usr/local/bin/firebase emulators:start --only functions
[debug] [2023-05-20T18:21:39.507Z] CLI Version:   7.3.2
[debug] [2023-05-20T18:21:39.507Z] Platform:      darwin
[debug] [2023-05-20T18:21:39.507Z] Node Version:  v10.24.1
[debug] [2023-05-20T18:21:39.508Z] Time:          Sat May 20 2023 14:21:39 GMT-0400 (Eastern Daylight Time)
[debug] [2023-05-20T18:21:39.508Z] ----------------------------------------------------------------------
[debug] 
[info] i  Starting emulators: ["functions"]
[info] ✔  functions: Using node@10 from host.
[info] ✔  functions: Emulator started at http://localhost:5002
[info] i  functions: Watching "/Users/eden/Desktop/schiebels/inspect/inspect/functions" for Cloud Functions...
[debug] [2023-05-20T18:21:40.132Z] [runtime-status] Functions runtime initialized. {"cwd":"/Users/eden/Desktop/schiebels/inspect/inspect/functions","node_version":"10.24.1"}
[debug] [2023-05-20T18:21:40.133Z] [runtime-status] Disabled runtime features: undefined {}
[debug] [2023-05-20T18:21:40.136Z] [runtime-status] Resolved module firebase-admin {"declared":true,"installed":true,"version":"10.3.0","resolution":"/Users/eden/Desktop/schiebels/inspect/inspect/functions/node_modules/firebase-admin/lib/index.js"}
[debug] [2023-05-20T18:21:40.137Z] [runtime-status] Resolved module firebase-functions {"declared":true,"installed":true,"version":"3.24.1","resolution":"/Users/eden/Desktop/schiebels/inspect/inspect/functions/node_modules/firebase-functions/lib/index.js"}
[debug] [2023-05-20T18:21:40.370Z] [runtime-status] Found google-gax at /Users/eden/Desktop/schiebels/inspect/inspect/functions/node_modules/google-gax/build/src/index.js {}
[warn] ⚠  functions: TypeError: Cannot set property GrpcClient of #<Object> which has only a getter
    at InitializeNetworkFiltering.networkingModules.map (/usr/local/lib/node_modules/firebase-tools/lib/emulator/functionsEmulatorRuntime.js:228:21)
    at Array.map (<anonymous>)
    at InitializeNetworkFiltering (/usr/local/lib/node_modules/firebase-tools/lib/emulator/functionsEmulatorRuntime.js:221:39)
    at /usr/local/lib/node_modules/firebase-tools/lib/emulator/functionsEmulatorRuntime.js:660:13
    at Generator.next (<anonymous>)
    at fulfilled (/usr/local/lib/node_modules/firebase-tools/lib/emulator/functionsEmulatorRuntime.js:4:58)
    at process._tickCallback (internal/process/next_tick.js:68:7)
    at Function.Module.runMain (internal/modules/cjs/loader.js:834:11)
    at startup (internal/bootstrap/node.js:283:19)
    at bootstrapNodeJSCore (internal/bootstrap/node.js:623:3)
[warn] ⚠  Your function was killed because it raised an unhandled error.
