[debug] [2023-05-20T17:37:40.430Z] ----------------------------------------------------------------------
[debug] [2023-05-20T17:37:40.432Z] Command:       /Users/eden/.nvm/versions/node/v12.14.0/bin/node /usr/local/bin/firebase emulators:start
[debug] [2023-05-20T17:37:40.432Z] CLI Version:   7.3.2
[debug] [2023-05-20T17:37:40.432Z] Platform:      darwin
[debug] [2023-05-20T17:37:40.432Z] Node Version:  v12.14.0
[debug] [2023-05-20T17:37:40.433Z] Time:          Sat May 20 2023 13:37:40 GMT-0400 (Eastern Daylight Time)
[debug] [2023-05-20T17:37:40.433Z] ----------------------------------------------------------------------
[debug] 
[debug] [2023-05-20T17:37:40.441Z] > command requires scopes: ["email","openid","https://www.googleapis.com/auth/cloudplatformprojects.readonly","https://www.googleapis.com/auth/firebase","https://www.googleapis.com/auth/cloud-platform"]
[debug] [2023-05-20T17:37:40.441Z] > authorizing via signed-in user
[info] i  Starting emulators: ["functions","firestore","hosting"]
[warn] ⚠  Your requested "node" version "10" doesn't match your global version "12"
[info] ✔  functions: Emulator started at http://localhost:5001
[info] i  firestore: Serving WebChannel traffic on at http://localhost:8081
[info] i  firestore: downloading cloud-firestore-emulator-v1.8.4.jar...
[debug] [2023-05-20T17:37:43.377Z] Ignoring unsupported arg: projectId
[debug] [2023-05-20T17:37:43.377Z] Ignoring unsupported arg: auto_download
[debug] [2023-05-20T17:37:43.377Z] Starting emulator firestore with command {"binary":"java","args":["-Duser.language=en","-jar","/Users/eden/.cache/firebase/emulators/cloud-firestore-emulator-v1.8.4.jar","--host","localhost","--port",8080,"--rules","/Users/eden/Desktop/schiebels/inspect/inspect/firestore.rules","--functions_emulator","localhost:5001","--webchannel_port",8081],"optionalArgs":["port","webchannel_port","host","rules","functions_emulator"]}
[info] i  firestore: Emulator logging to firestore-debug.log
[debug] [2023-05-20T17:37:45.575Z] API endpoint: http://localhost
[debug] [2023-05-20T17:37:45.576Z] :8080
WebChannel endpoint: http://localhost:8081
If you are using a library that supports the FIRESTORE_EMULATOR_HOST environment variable, run:

   export FIRESTORE_EMULATOR_HOST=localhost:8080

Dev App Server is now running.


[info] ✔  firestore: Emulator started at http://localhost:8080
[info] i  firestore: For testing set FIRESTORE_EMULATOR_HOST=localhost:8080
[debug] [2023-05-20T17:37:45.661Z] >>> HTTP REQUEST GET https://firebase.googleapis.com/v1beta1/projects/inspection-6c319/webApps/-/config  
 
[debug] [2023-05-20T17:37:46.066Z] <<< HTTP RESPONSE 200
[info] i  hosting: Serving hosting files from: dist
[info] ✔  hosting: Local server: http://localhost:5000
[info] ✔  hosting: Emulator started at http://localhost:5000
[info] i  functions: Watching "/Users/eden/Desktop/schiebels/inspect/inspect/functions" for Cloud Functions...
[debug] [2023-05-20T17:37:46.618Z] [runtime-status] Functions runtime initialized. {"cwd":"/Users/eden/Desktop/schiebels/inspect/inspect/functions","node_version":"12.14.0"}
[debug] [2023-05-20T17:37:46.619Z] [runtime-status] Disabled runtime features: undefined {}
[debug] [2023-05-20T17:37:46.621Z] [runtime-status] Resolved module firebase-admin {"declared":true,"installed":true,"version":"10.3.0","resolution":"/Users/eden/Desktop/schiebels/inspect/inspect/functions/node_modules/firebase-admin/lib/index.js"}
[debug] [2023-05-20T17:37:46.622Z] [runtime-status] Resolved module firebase-functions {"declared":true,"installed":true,"version":"3.23.0","resolution":"/Users/eden/Desktop/schiebels/inspect/inspect/functions/node_modules/firebase-functions/lib/index.js"}
[debug] [2023-05-20T17:37:47.043Z] [runtime-status] Found google-gax at /Users/eden/Desktop/schiebels/inspect/inspect/functions/node_modules/google-gax/build/src/index.js {}
[warn] ⚠  functions: TypeError: Cannot set property GrpcClient of #<Object> which has only a getter
    at /usr/local/lib/node_modules/firebase-tools/lib/emulator/functionsEmulatorRuntime.js:228:21
    at Array.map (<anonymous>)
    at InitializeNetworkFiltering (/usr/local/lib/node_modules/firebase-tools/lib/emulator/functionsEmulatorRuntime.js:221:39)
    at /usr/local/lib/node_modules/firebase-tools/lib/emulator/functionsEmulatorRuntime.js:660:13
    at Generator.next (<anonymous>)
    at fulfilled (/usr/local/lib/node_modules/firebase-tools/lib/emulator/functionsEmulatorRuntime.js:4:58)
    at processTicksAndRejections (internal/process/task_queues.js:93:5)
[warn] ⚠  Your function was killed because it raised an unhandled error.
[debug] [2023-05-20T17:39:39.828Z] May 20, 2023 1:39:39 PM io.gapi.emulators.netty.HttpVersionRoutingHandler channelRead
INFO: Detected non-HTTP/2 connection.

[debug] [2023-05-20T17:39:39.849Z] May 20, 2023 1:39:39 PM io.gapi.emulators.netty.NotFoundHandler handleRequest
INFO: Unknown request URI: /service-worker.js?pusherBeamsWebSDKVersion=1.1.0

[debug] [2023-05-20T17:45:01.482Z] File /Users/eden/Desktop/schiebels/inspect/inspect/functions/index.js changed, reloading triggers
[debug] [2023-05-20T17:45:02.918Z] [runtime-status] Functions runtime initialized. {"cwd":"/Users/eden/Desktop/schiebels/inspect/inspect/functions","node_version":"12.14.0"}
[debug] [2023-05-20T17:45:02.919Z] [runtime-status] Disabled runtime features: undefined {}
[debug] [2023-05-20T17:45:02.921Z] [runtime-status] Resolved module firebase-admin {"declared":true,"installed":true,"version":"10.3.0","resolution":"/Users/eden/Desktop/schiebels/inspect/inspect/functions/node_modules/firebase-admin/lib/index.js"}
[debug] [2023-05-20T17:45:02.922Z] [runtime-status] Resolved module firebase-functions {"declared":true,"installed":true,"version":"3.23.0","resolution":"/Users/eden/Desktop/schiebels/inspect/inspect/functions/node_modules/firebase-functions/lib/index.js"}
[debug] [2023-05-20T17:45:03.270Z] [runtime-status] Found google-gax at /Users/eden/Desktop/schiebels/inspect/inspect/functions/node_modules/google-gax/build/src/index.js {}
[warn] ⚠  functions: TypeError: Cannot set property GrpcClient of #<Object> which has only a getter
    at /usr/local/lib/node_modules/firebase-tools/lib/emulator/functionsEmulatorRuntime.js:228:21
    at Array.map (<anonymous>)
    at InitializeNetworkFiltering (/usr/local/lib/node_modules/firebase-tools/lib/emulator/functionsEmulatorRuntime.js:221:39)
    at /usr/local/lib/node_modules/firebase-tools/lib/emulator/functionsEmulatorRuntime.js:660:13
    at Generator.next (<anonymous>)
    at fulfilled (/usr/local/lib/node_modules/firebase-tools/lib/emulator/functionsEmulatorRuntime.js:4:58)
    at processTicksAndRejections (internal/process/task_queues.js:93:5)
[warn] ⚠  Your function was killed because it raised an unhandled error.
[debug] [2023-05-20T17:45:09.824Z] May 20, 2023 1:45:09 PM io.gapi.emulators.netty.HttpVersionRoutingHandler channelRead
INFO: Detected non-HTTP/2 connection.

[debug] [2023-05-20T17:45:09.839Z] May 20, 2023 1:45:09 PM io.gapi.emulators.netty.NotFoundHandler handleRequest
INFO: Unknown request URI: /service-worker.js?pusherBeamsWebSDKVersion=1.1.0

[debug] [2023-05-20T17:48:38.651Z] ----------------------------------------------------------------------
[debug] [2023-05-20T17:48:38.653Z] Command:       /Users/eden/.nvm/versions/node/v12.14.0/bin/node /usr/local/bin/firebase emulators:start
[debug] [2023-05-20T17:48:38.653Z] CLI Version:   7.3.2
[debug] [2023-05-20T17:48:38.653Z] Platform:      darwin
[debug] [2023-05-20T17:48:38.653Z] Node Version:  v12.14.0
[debug] [2023-05-20T17:48:38.654Z] Time:          Sat May 20 2023 13:48:38 GMT-0400 (Eastern Daylight Time)
[debug] [2023-05-20T17:48:38.654Z] ----------------------------------------------------------------------
[debug] 
[debug] [2023-05-20T17:48:38.663Z] > command requires scopes: ["email","openid","https://www.googleapis.com/auth/cloudplatformprojects.readonly","https://www.googleapis.com/auth/firebase","https://www.googleapis.com/auth/cloud-platform"]
[debug] [2023-05-20T17:48:38.663Z] > authorizing via signed-in user
[info] i  Starting emulators: ["functions","firestore","hosting"]
[warn] ⚠  Your requested "node" version "10" doesn't match your global version "12"
[info] ✔  functions: Emulator started at http://localhost:5001
[info] i  firestore: Serving WebChannel traffic on at http://localhost:8081
[debug] [2023-05-20T17:48:38.967Z] Ignoring unsupported arg: projectId
[debug] [2023-05-20T17:48:38.967Z] Ignoring unsupported arg: auto_download
[debug] [2023-05-20T17:48:38.967Z] Starting emulator firestore with command {"binary":"java","args":["-Duser.language=en","-jar","/Users/eden/.cache/firebase/emulators/cloud-firestore-emulator-v1.8.4.jar","--host","localhost","--port",8080,"--rules","/Users/eden/Desktop/schiebels/inspect/inspect/firestore.rules","--functions_emulator","localhost:5001","--webchannel_port",8081],"optionalArgs":["port","webchannel_port","host","rules","functions_emulator"]}
[info] i  firestore: Emulator logging to firestore-debug.log
[info] ✔  firestore: Emulator started at http://localhost:8080
[info] i  firestore: For testing set FIRESTORE_EMULATOR_HOST=localhost:8080
[debug] [2023-05-20T17:53:45.461Z] >>> HTTP REQUEST GET https://firebase.googleapis.com/v1beta1/projects/inspection-6c319/webApps/-/config  
 
[debug] [2023-05-20T17:53:45.472Z] API endpoint: http://localhost:8080
WebChannel endpoint: http://localhost:8081
If you are using a library that supports the FIRESTORE_EMULATOR_HOST environment variable, run:

   export FIRESTORE_EMULATOR_HOST=localhost:8080

Dev App Server is now running.


[debug] [2023-05-20T17:53:45.481Z] May 20, 2023 1:50:39 PM io.gapi.emulators.netty.HttpVersionRoutingHandler channelRead
INFO: Detected non-HTTP/2 connection.
May 20, 2023 1:50:39 PM io.gapi.emulators.netty.NotFoundHandler handleRequest
INFO: Unknown request URI: /service-worker.js?pusherBeamsWebSDKVersion=1.1.0
May 20, 2023 1:52:40 PM io.gapi.emulators.netty.NotFoundHandler handleRequest
INFO: Unknown request URI: /inspection/img/Valve-Solutions-Logo-resize2.png

[debug] [2023-05-20T17:53:46.151Z] <<< HTTP RESPONSE 200
[info] i  hosting: Serving hosting files from: dist
[info] ✔  hosting: Local server: http://localhost:5000
[info] ✔  hosting: Emulator started at http://localhost:5000
[info] i  functions: Watching "/Users/eden/Desktop/schiebels/inspect/inspect/functions" for Cloud Functions...
[debug] [2023-05-20T17:53:48.362Z] [runtime-status] Functions runtime initialized. {"cwd":"/Users/eden/Desktop/schiebels/inspect/inspect/functions","node_version":"12.14.0"}
[debug] [2023-05-20T17:53:48.363Z] [runtime-status] Disabled runtime features: undefined {}
[debug] [2023-05-20T17:53:48.369Z] [runtime-status] Resolved module firebase-admin {"declared":true,"installed":true,"version":"10.3.0","resolution":"/Users/eden/Desktop/schiebels/inspect/inspect/functions/node_modules/firebase-admin/lib/index.js"}
[debug] [2023-05-20T17:53:48.373Z] [runtime-status] Resolved module firebase-functions {"declared":true,"installed":true,"version":"3.23.0","resolution":"/Users/eden/Desktop/schiebels/inspect/inspect/functions/node_modules/firebase-functions/lib/index.js"}
[debug] [2023-05-20T17:53:49.561Z] [runtime-status] Found google-gax at /Users/eden/Desktop/schiebels/inspect/inspect/functions/node_modules/google-gax/build/src/index.js {}
[warn] ⚠  functions: TypeError: Cannot set property GrpcClient of #<Object> which has only a getter
    at /usr/local/lib/node_modules/firebase-tools/lib/emulator/functionsEmulatorRuntime.js:228:21
    at Array.map (<anonymous>)
    at InitializeNetworkFiltering (/usr/local/lib/node_modules/firebase-tools/lib/emulator/functionsEmulatorRuntime.js:221:39)
    at /usr/local/lib/node_modules/firebase-tools/lib/emulator/functionsEmulatorRuntime.js:660:13
    at Generator.next (<anonymous>)
    at fulfilled (/usr/local/lib/node_modules/firebase-tools/lib/emulator/functionsEmulatorRuntime.js:4:58)
    at processTicksAndRejections (internal/process/task_queues.js:93:5)
[warn] ⚠  Your function was killed because it raised an unhandled error.
[debug] [2023-05-20T17:56:01.606Z] File /Users/eden/Desktop/schiebels/inspect/inspect/functions/index.js changed, reloading triggers
[debug] [2023-05-20T17:56:03.446Z] [runtime-status] Functions runtime initialized. {"cwd":"/Users/eden/Desktop/schiebels/inspect/inspect/functions","node_version":"12.14.0"}
[debug] [2023-05-20T17:56:03.446Z] [runtime-status] Disabled runtime features: undefined {}
[debug] [2023-05-20T17:56:03.450Z] [runtime-status] Resolved module firebase-admin {"declared":true,"installed":true,"version":"10.3.0","resolution":"/Users/eden/Desktop/schiebels/inspect/inspect/functions/node_modules/firebase-admin/lib/index.js"}
[debug] [2023-05-20T17:56:03.452Z] [runtime-status] Resolved module firebase-functions {"declared":true,"installed":true,"version":"3.23.0","resolution":"/Users/eden/Desktop/schiebels/inspect/inspect/functions/node_modules/firebase-functions/lib/index.js"}
[debug] [2023-05-20T17:56:04.019Z] [runtime-status] Found google-gax at /Users/eden/Desktop/schiebels/inspect/inspect/functions/node_modules/google-gax/build/src/index.js {}
[warn] ⚠  functions: TypeError: Cannot set property GrpcClient of #<Object> which has only a getter
    at /usr/local/lib/node_modules/firebase-tools/lib/emulator/functionsEmulatorRuntime.js:228:21
    at Array.map (<anonymous>)
    at InitializeNetworkFiltering (/usr/local/lib/node_modules/firebase-tools/lib/emulator/functionsEmulatorRuntime.js:221:39)
    at /usr/local/lib/node_modules/firebase-tools/lib/emulator/functionsEmulatorRuntime.js:660:13
    at Generator.next (<anonymous>)
    at fulfilled (/usr/local/lib/node_modules/firebase-tools/lib/emulator/functionsEmulatorRuntime.js:4:58)
    at processTicksAndRejections (internal/process/task_queues.js:93:5)
[warn] ⚠  Your function was killed because it raised an unhandled error.
[debug] [2023-05-20T17:56:10.014Z] May 20, 2023 1:56:10 PM io.gapi.emulators.netty.NotFoundHandler handleRequest
INFO: Unknown request URI: /service-worker.js?pusherBeamsWebSDKVersion=1.1.0

[debug] [2023-05-20T17:58:13.528Z] File /Users/eden/Desktop/schiebels/inspect/inspect/functions/index.js changed, reloading triggers
[debug] [2023-05-20T17:58:15.528Z] [runtime-status] Functions runtime initialized. {"cwd":"/Users/eden/Desktop/schiebels/inspect/inspect/functions","node_version":"12.14.0"}
[debug] [2023-05-20T17:58:15.528Z] [runtime-status] Disabled runtime features: undefined {}
[debug] [2023-05-20T17:58:15.531Z] [runtime-status] Resolved module firebase-admin {"declared":true,"installed":true,"version":"10.3.0","resolution":"/Users/eden/Desktop/schiebels/inspect/inspect/functions/node_modules/firebase-admin/lib/index.js"}
[debug] [2023-05-20T17:58:15.536Z] [runtime-status] Resolved module firebase-functions {"declared":true,"installed":true,"version":"3.23.0","resolution":"/Users/eden/Desktop/schiebels/inspect/inspect/functions/node_modules/firebase-functions/lib/index.js"}
[debug] [2023-05-20T17:58:16.057Z] [runtime-status] Found google-gax at /Users/eden/Desktop/schiebels/inspect/inspect/functions/node_modules/google-gax/build/src/index.js {}
[warn] ⚠  functions: TypeError: Cannot set property GrpcClient of #<Object> which has only a getter
    at /usr/local/lib/node_modules/firebase-tools/lib/emulator/functionsEmulatorRuntime.js:228:21
    at Array.map (<anonymous>)
    at InitializeNetworkFiltering (/usr/local/lib/node_modules/firebase-tools/lib/emulator/functionsEmulatorRuntime.js:221:39)
    at /usr/local/lib/node_modules/firebase-tools/lib/emulator/functionsEmulatorRuntime.js:660:13
    at Generator.next (<anonymous>)
    at fulfilled (/usr/local/lib/node_modules/firebase-tools/lib/emulator/functionsEmulatorRuntime.js:4:58)
    at processTicksAndRejections (internal/process/task_queues.js:93:5)
[warn] ⚠  Your function was killed because it raised an unhandled error.
[debug] [2023-05-20T18:01:40.120Z] May 20, 2023 2:01:40 PM io.gapi.emulators.netty.HttpVersionRoutingHandler channelRead
INFO: Detected non-HTTP/2 connection.

[debug] [2023-05-20T18:01:40.136Z] May 20, 2023 2:01:40 PM io.gapi.emulators.netty.NotFoundHandler handleRequest
INFO: Unknown request URI: /service-worker.js?pusherBeamsWebSDKVersion=1.1.0

[debug] [2023-05-20T18:02:33.763Z] ----------------------------------------------------------------------
[debug] [2023-05-20T18:02:33.765Z] Command:       /Users/eden/.nvm/versions/node/v12.14.0/bin/node /usr/local/bin/firebase emulators:start
[debug] [2023-05-20T18:02:33.765Z] CLI Version:   7.3.2
[debug] [2023-05-20T18:02:33.765Z] Platform:      darwin
[debug] [2023-05-20T18:02:33.765Z] Node Version:  v12.14.0
[debug] [2023-05-20T18:02:33.766Z] Time:          Sat May 20 2023 14:02:33 GMT-0400 (Eastern Daylight Time)
[debug] [2023-05-20T18:02:33.766Z] ----------------------------------------------------------------------
[debug] 
[debug] [2023-05-20T18:02:33.775Z] > command requires scopes: ["email","openid","https://www.googleapis.com/auth/cloudplatformprojects.readonly","https://www.googleapis.com/auth/firebase","https://www.googleapis.com/auth/cloud-platform"]
[debug] [2023-05-20T18:02:33.775Z] > authorizing via signed-in user
[info] i  Starting emulators: ["functions","firestore","hosting"]
[warn] ⚠  Your requested "node" version "10" doesn't match your global version "12"
[info] ✔  functions: Emulator started at http://localhost:5001
[info] i  firestore: Serving WebChannel traffic on at http://localhost:8081
[debug] [2023-05-20T18:02:34.272Z] Ignoring unsupported arg: projectId
[debug] [2023-05-20T18:02:34.272Z] Ignoring unsupported arg: auto_download
[debug] [2023-05-20T18:02:34.272Z] Starting emulator firestore with command {"binary":"java","args":["-Duser.language=en","-jar","/Users/eden/.cache/firebase/emulators/cloud-firestore-emulator-v1.8.4.jar","--host","localhost","--port",8080,"--rules","/Users/eden/Desktop/schiebels/inspect/inspect/firestore.rules","--functions_emulator","localhost:5001","--webchannel_port",8081],"optionalArgs":["port","webchannel_port","host","rules","functions_emulator"]}
[info] i  firestore: Emulator logging to firestore-debug.log
[info] ✔  firestore: Emulator started at http://localhost:8080
[info] i  firestore: For testing set FIRESTORE_EMULATOR_HOST=localhost:8080
[debug] [2023-05-20T18:14:13.038Z] > refreshing access token with scopes: ["email","https://www.googleapis.com/auth/cloud-platform","https://www.googleapis.com/auth/cloudplatformprojects.readonly","https://www.googleapis.com/auth/firebase","openid"]
[debug] [2023-05-20T18:14:13.038Z] >>> HTTP REQUEST POST https://www.googleapis.com/oauth2/v3/token  
 <request body omitted>
[debug] [2023-05-20T18:14:13.047Z] API endpoint: http://localhost:8080
WebChannel endpoint: http://localhost:8081
If you are using a library that supports the FIRESTORE_EMULATOR_HOST environment variable, run:

   export FIRESTORE_EMULATOR_HOST=localhost:8080

Dev App Server is now running.


[debug] [2023-05-20T18:14:13.051Z] May 20, 2023 2:07:10 PM io.gapi.emulators.netty.HttpVersionRoutingHandler channelRead
INFO: Detected non-HTTP/2 connection.
May 20, 2023 2:07:10 PM io.gapi.emulators.netty.NotFoundHandler handleRequest
INFO: Unknown request URI: /service-worker.js?pusherBeamsWebSDKVersion=1.1.0
May 20, 2023 2:12:40 PM io.gapi.emulators.netty.HttpVersionRoutingHandler channelRead
INFO: Detected non-HTTP/2 connection.
May 20, 2023 2:12:40 PM io.gapi.emulators.netty.NotFoundHandler handleRequest
INFO: Unknown request URI: /service-worker.js?pusherBeamsWebSDKVersion=1.1.0

[debug] [2023-05-20T18:14:13.472Z] <<< HTTP RESPONSE 200
[debug] [2023-05-20T18:14:13.491Z] >>> HTTP REQUEST GET https://firebase.googleapis.com/v1beta1/projects/inspection-6c319/webApps/-/config  
 
[debug] [2023-05-20T18:14:13.931Z] <<< HTTP RESPONSE 200
[info] i  hosting: Serving hosting files from: dist
[info] ✔  hosting: Local server: http://localhost:5000
[info] ✔  hosting: Emulator started at http://localhost:5000
[info] i  functions: Watching "/Users/eden/Desktop/schiebels/inspect/inspect/functions" for Cloud Functions...
[debug] [2023-05-20T18:14:15.239Z] [runtime-status] Functions runtime initialized. {"cwd":"/Users/eden/Desktop/schiebels/inspect/inspect/functions","node_version":"12.14.0"}
[debug] [2023-05-20T18:14:15.239Z] [runtime-status] Disabled runtime features: undefined {}
[debug] [2023-05-20T18:14:15.243Z] [runtime-status] Resolved module firebase-admin {"declared":true,"installed":true,"version":"10.3.0","resolution":"/Users/eden/Desktop/schiebels/inspect/inspect/functions/node_modules/firebase-admin/lib/index.js"}
[debug] [2023-05-20T18:14:15.245Z] [runtime-status] Resolved module firebase-functions {"declared":true,"installed":true,"version":"3.23.0","resolution":"/Users/eden/Desktop/schiebels/inspect/inspect/functions/node_modules/firebase-functions/lib/index.js"}
[debug] [2023-05-20T18:14:15.871Z] [runtime-status] Found google-gax at /Users/eden/Desktop/schiebels/inspect/inspect/functions/node_modules/google-gax/build/src/index.js {}
[warn] ⚠  functions: TypeError: Cannot set property GrpcClient of #<Object> which has only a getter
    at /usr/local/lib/node_modules/firebase-tools/lib/emulator/functionsEmulatorRuntime.js:228:21
    at Array.map (<anonymous>)
    at InitializeNetworkFiltering (/usr/local/lib/node_modules/firebase-tools/lib/emulator/functionsEmulatorRuntime.js:221:39)
    at /usr/local/lib/node_modules/firebase-tools/lib/emulator/functionsEmulatorRuntime.js:660:13
    at Generator.next (<anonymous>)
    at fulfilled (/usr/local/lib/node_modules/firebase-tools/lib/emulator/functionsEmulatorRuntime.js:4:58)
    at processTicksAndRejections (internal/process/task_queues.js:93:5)
[warn] ⚠  Your function was killed because it raised an unhandled error.
[debug] [2023-05-20T18:18:10.317Z] May 20, 2023 2:18:10 PM io.gapi.emulators.netty.HttpVersionRoutingHandler channelRead
INFO: Detected non-HTTP/2 connection.

[debug] [2023-05-20T18:18:10.323Z] May 20, 2023 2:18:10 PM io.gapi.emulators.netty.NotFoundHandler handleRequest
INFO: Unknown request URI: /service-worker.js?pusherBeamsWebSDKVersion=1.1.0

[debug] [2023-05-20T18:21:13.199Z] File /Users/eden/Desktop/schiebels/inspect/inspect/functions/package.json changed, reloading triggers
[debug] [2023-05-20T18:21:13.323Z] File /Users/eden/Desktop/schiebels/inspect/inspect/functions/package-lock.json changed, reloading triggers
[debug] [2023-05-20T18:21:15.500Z] [runtime-status] Functions runtime initialized. {"cwd":"/Users/eden/Desktop/schiebels/inspect/inspect/functions","node_version":"12.14.0"}
[debug] [2023-05-20T18:21:15.501Z] [runtime-status] Disabled runtime features: undefined {}
[debug] [2023-05-20T18:21:15.504Z] [runtime-status] Resolved module firebase-admin {"declared":true,"installed":true,"version":"10.3.0","resolution":"/Users/eden/Desktop/schiebels/inspect/inspect/functions/node_modules/firebase-admin/lib/index.js"}
[debug] [2023-05-20T18:21:15.507Z] [runtime-status] Resolved module firebase-functions {"declared":true,"installed":true,"version":"3.24.1","resolution":"/Users/eden/Desktop/schiebels/inspect/inspect/functions/node_modules/firebase-functions/lib/index.js"}
[debug] [2023-05-20T18:21:15.823Z] [runtime-status] Found google-gax at /Users/eden/Desktop/schiebels/inspect/inspect/functions/node_modules/google-gax/build/src/index.js {}
[warn] ⚠  functions: TypeError: Cannot set property GrpcClient of #<Object> which has only a getter
    at /usr/local/lib/node_modules/firebase-tools/lib/emulator/functionsEmulatorRuntime.js:228:21
    at Array.map (<anonymous>)
    at InitializeNetworkFiltering (/usr/local/lib/node_modules/firebase-tools/lib/emulator/functionsEmulatorRuntime.js:221:39)
    at /usr/local/lib/node_modules/firebase-tools/lib/emulator/functionsEmulatorRuntime.js:660:13
    at Generator.next (<anonymous>)
    at fulfilled (/usr/local/lib/node_modules/firebase-tools/lib/emulator/functionsEmulatorRuntime.js:4:58)
    at processTicksAndRejections (internal/process/task_queues.js:93:5)
[warn] ⚠  Your function was killed because it raised an unhandled error.
[debug] [2023-05-20T18:26:21.504Z] ----------------------------------------------------------------------
[debug] [2023-05-20T18:26:21.506Z] Command:       /Users/eden/.nvm/versions/node/v10.24.1/bin/node /usr/local/bin/firebase emulators:start --only functions
[debug] [2023-05-20T18:26:21.507Z] CLI Version:   7.3.2
[debug] [2023-05-20T18:26:21.507Z] Platform:      darwin
[debug] [2023-05-20T18:26:21.507Z] Node Version:  v10.24.1
[debug] [2023-05-20T18:26:21.508Z] Time:          Sat May 20 2023 14:26:21 GMT-0400 (Eastern Daylight Time)
[debug] [2023-05-20T18:26:21.508Z] ----------------------------------------------------------------------
[debug] 
[info] i  Starting emulators: ["functions"]
[info] ✔  functions: Using node@10 from host.
[info] ✔  functions: Emulator started at http://localhost:5002
[info] i  functions: Watching "/Users/eden/Desktop/schiebels/inspect/inspect/functions" for Cloud Functions...
[debug] [2023-05-20T18:26:22.147Z] [runtime-status] Functions runtime initialized. {"cwd":"/Users/eden/Desktop/schiebels/inspect/inspect/functions","node_version":"10.24.1"}
[debug] [2023-05-20T18:26:22.147Z] [runtime-status] Disabled runtime features: undefined {}
[debug] [2023-05-20T18:26:22.153Z] [runtime-status] Resolved module firebase-admin {"declared":true,"installed":true,"version":"10.3.0","resolution":"/Users/eden/Desktop/schiebels/inspect/inspect/functions/node_modules/firebase-admin/lib/index.js"}
[debug] [2023-05-20T18:26:22.155Z] [runtime-status] Resolved module firebase-functions {"declared":true,"installed":true,"version":"3.24.1","resolution":"/Users/eden/Desktop/schiebels/inspect/inspect/functions/node_modules/firebase-functions/lib/index.js"}
[debug] [2023-05-20T18:26:22.550Z] [runtime-status] Found google-gax at /Users/eden/Desktop/schiebels/inspect/inspect/functions/node_modules/google-gax/build/src/index.js {}
[warn] ⚠  functions: TypeError: Cannot set property GrpcClient of #<Object> which has only a getter
    at InitializeNetworkFiltering.networkingModules.map (/usr/local/lib/node_modules/firebase-tools/lib/emulator/functionsEmulatorRuntime.js:228:21)
    at Array.map (<anonymous>)
    at InitializeNetworkFiltering (/usr/local/lib/node_modules/firebase-tools/lib/emulator/functionsEmulatorRuntime.js:221:39)
    at /usr/local/lib/node_modules/firebase-tools/lib/emulator/functionsEmulatorRuntime.js:660:13
    at Generator.next (<anonymous>)
    at fulfilled (/usr/local/lib/node_modules/firebase-tools/lib/emulator/functionsEmulatorRuntime.js:4:58)
    at process._tickCallback (internal/process/next_tick.js:68:7)
    at Function.Module.runMain (internal/modules/cjs/loader.js:834:11)
    at startup (internal/bootstrap/node.js:283:19)
    at bootstrapNodeJSCore (internal/bootstrap/node.js:623:3)
[warn] ⚠  Your function was killed because it raised an unhandled error.
[debug] [2023-05-21T13:43:58.661Z] ----------------------------------------------------------------------
[debug] [2023-05-21T13:43:58.664Z] Command:       /Users/eden/.nvm/versions/node/v10.24.1/bin/node /usr/local/bin/firebase deploy --only functions
[debug] [2023-05-21T13:43:58.664Z] CLI Version:   7.3.2
[debug] [2023-05-21T13:43:58.664Z] Platform:      darwin
[debug] [2023-05-21T13:43:58.664Z] Node Version:  v10.24.1
[debug] [2023-05-21T13:43:58.672Z] Time:          Sun May 21 2023 09:43:58 GMT-0400 (Eastern Daylight Time)
[debug] [2023-05-21T13:43:58.672Z] ----------------------------------------------------------------------
[debug] 
[debug] [2023-05-21T13:43:58.693Z] > command requires scopes: ["email","openid","https://www.googleapis.com/auth/cloudplatformprojects.readonly","https://www.googleapis.com/auth/firebase","https://www.googleapis.com/auth/cloud-platform"]
[debug] [2023-05-21T13:43:58.694Z] > authorizing via signed-in user
[debug] [2023-05-21T13:43:58.694Z] [iam] checking project inspection-6c319 for permissions ["cloudfunctions.functions.create","cloudfunctions.functions.delete","cloudfunctions.functions.get","cloudfunctions.functions.list","cloudfunctions.functions.update","cloudfunctions.operations.get","firebase.projects.get"]
[debug] [2023-05-21T13:43:58.696Z] > refreshing access token with scopes: ["email","https://www.googleapis.com/auth/cloud-platform","https://www.googleapis.com/auth/cloudplatformprojects.readonly","https://www.googleapis.com/auth/firebase","openid"]
[debug] [2023-05-21T13:43:58.696Z] >>> HTTP REQUEST POST https://www.googleapis.com/oauth2/v3/token  
 <request body omitted>
[debug] [2023-05-21T13:43:58.912Z] <<< HTTP RESPONSE 200
[debug] [2023-05-21T13:43:58.927Z] >>> HTTP REQUEST POST https://cloudresourcemanager.googleapis.com/v1/projects/inspection-6c319:testIamPermissions  

[debug] [2023-05-21T13:43:59.177Z] <<< HTTP RESPONSE 200
[warn] ⚠  functions: package.json indicates an outdated version of firebase-functions.
 Please upgrade using npm install --save firebase-functions@latest in your functions directory.
[info] 
[info] === Deploying to 'inspection-6c319'...
[info] 
[info] i  deploying functions
[debug] [2023-05-21T13:44:02.736Z] > [functions] package.json contents: {
  "name": "functions",
  "description": "Cloud Functions for Firebase",
  "scripts": {
    "serve": "firebase emulators:start --only functions",
    "shell": "firebase functions:shell",
    "start": "npm run shell",
    "deploy": "firebase deploy --only functions",
    "logs": "firebase functions:log"
  },
  "engines": {
    "node": "10"
  },
  "main": "index.js",
  "dependencies": {
    "@sendgrid/mail": "^7.7.0",
    "@types/pdfmake": "^0.2.2",
    "blob-stream": "^0.1.3",
    "dotenv": "^16.0.3",
    "firebase-admin": "^10.0.2",
    "firebase-functions": "^3.24.1",
    "jspdf": "^2.5.1",
    "jspdf-autotable": "^3.5.28",
    "mailgun-js": "^0.6.9",
    "nodemailer": "^6.9.2",
    "pdfkit": "^0.13.0",
    "pdfmake": "^0.2.7"
  },
  "devDependencies": {
    "firebase-functions-test": "^0.2.0"
  },
  "private": true
}
[info] i  functions: ensuring necessary APIs are enabled...
[debug] [2023-05-21T13:44:02.742Z] >>> HTTP REQUEST GET https://serviceusage.googleapis.com/v1/projects/inspection-6c319/services/cloudfunctions.googleapis.com  
 
[debug] [2023-05-21T13:44:02.768Z] >>> HTTP REQUEST GET https://serviceusage.googleapis.com/v1/projects/inspection-6c319/services/runtimeconfig.googleapis.com  
 
[debug] [2023-05-21T13:44:03.328Z] <<< HTTP RESPONSE 200
[debug] [2023-05-21T13:44:03.448Z] <<< HTTP RESPONSE 200
[info] ✔  functions: all necessary APIs are enabled
[debug] [2023-05-21T13:44:03.449Z] >>> HTTP REQUEST GET https://firebase.googleapis.com/v1beta1/projects/inspection-6c319/adminSdkConfig  
 
[debug] [2023-05-21T13:44:03.766Z] <<< HTTP RESPONSE 200
[info] i  functions: preparing functions directory for uploading...
[debug] [2023-05-21T13:44:03.769Z] >>> HTTP REQUEST GET https://runtimeconfig.googleapis.com/v1beta1/projects/inspection-6c319/configs  
 
[debug] [2023-05-21T13:44:04.092Z] <<< HTTP RESPONSE 200
[info] i  functions: packaged functions (74.56 KB) for uploading
[debug] [2023-05-21T13:44:05.504Z] >>> HTTP REQUEST POST https://cloudfunctions.googleapis.com/v1/projects/inspection-6c319/locations/us-central1/functions:generateUploadUrl  
 
[debug] [2023-05-21T13:44:06.178Z] <<< HTTP RESPONSE 200
[debug] [2023-05-21T13:44:06.178Z] >>> HTTP REQUEST PUT https://storage.googleapis.com/uploads-247020474989.us-central1.cloudfunctions.appspot.com/9aaffcdb-79eb-4152-9851-54bf48f89e6e.zip?GoogleAccessId=service-300530642294@gcf-admin-robot.iam.gserviceaccount.com&Expires=1684678448&Signature=Y3FLkPh6c4CzE4bUuKm4Ae5VFuHm4o1qoVwiABYrzxFKERW4qN%2F0t3%2FJR8%2F04qVcoZlPbkt77RmI2TGKFUi1W60%2F%2FoyTXvRIfzKraroeKpXXjv1UZfJcpngE2Ht%2Bj%2BcZwFB3UNAzPhlVnfbww2AePNvCF7kfMSMEbz4TwKF%2FuxWWo5%2BX263JSBBHwXWd3JFPhzupvrP4eapcDA0yyQXUbn4iQapI2TQYMVyBHTyvekGQO1UkAtye12%2F%2FAOYh97sVyiKiCcNy6u80WHt0Q6D%2BdkO6KZxNWFzSJweD46Cb0oB1%2BW5%2BbwTNLBPfMOOcYWKvuJu%2BEz%2B4IMK%2BN7bqyxldYQ%3D%3D  
 <request body omitted>
[debug] [2023-05-21T13:44:06.519Z] <<< HTTP RESPONSE 200
[info] ✔  functions: functions folder uploaded successfully
[debug] [2023-05-21T13:44:06.525Z] >>> HTTP REQUEST GET https://cloudfunctions.googleapis.com/v1/projects/inspection-6c319/locations/-/functions  
 
[debug] [2023-05-21T13:44:07.114Z] <<< HTTP RESPONSE 200
[info] i  functions: updating Node.js 10 (Beta) function sendEmail(us-central1)...
[debug] [2023-05-21T13:44:07.116Z] Trigger is:  {"eventTrigger":{"resource":"projects/inspection-6c319/databases/(default)/documents/inspections/{inspectionsId}","eventType":"providers/cloud.firestore/eventTypes/document.create","service":"firestore.googleapis.com"}}
[debug] [2023-05-21T13:44:07.118Z] >>> HTTP REQUEST GET https://serviceusage.googleapis.com/v1/projects/inspection-6c319/services/cloudscheduler.googleapis.com  
 
[debug] [2023-05-21T13:44:07.518Z] <<< HTTP RESPONSE 200
[debug] [2023-05-21T13:44:07.520Z] >>> HTTP REQUEST PATCH https://cloudfunctions.googleapis.com/v1/projects/inspection-6c319/locations/us-central1/functions/sendEmail {"updateMask":"sourceUploadUrl,name,labels,runtime,eventTrigger.resource,eventTrigger.eventType,eventTrigger.service"} 

[debug] [2023-05-21T13:44:08.088Z] <<< HTTP RESPONSE 200
[debug] [2023-05-21T13:44:08.090Z] >>> HTTP REQUEST GET https://cloudfunctions.googleapis.com/v1/operations/aW5zcGVjdGlvbi02YzMxOS91cy1jZW50cmFsMS9zZW5kRW1haWwvSWhtRHhJMmZVX2M  
 
[debug] [2023-05-21T13:44:08.383Z] <<< HTTP RESPONSE 200
[debug] [2023-05-21T13:44:10.384Z] >>> HTTP REQUEST GET https://cloudfunctions.googleapis.com/v1/operations/aW5zcGVjdGlvbi02YzMxOS91cy1jZW50cmFsMS9zZW5kRW1haWwvSWhtRHhJMmZVX2M  
 
[debug] [2023-05-21T13:44:10.630Z] <<< HTTP RESPONSE 200
